<?xml version="1.0" encoding="UTF-8"?>
<!-- Generated by org.testng.reporters.JUnitReportReporter -->
<testsuite skipped="0" hostname="IN-00218597" name="com.thoughtworks.qa.testcases.TC_Search_Flights" tests="1" failures="0" timestamp="2021-12-17T06:39:50 IST" time="9.709" errors="0">
  <testcase name="searchFlights" time="9.709" classname="com.thoughtworks.qa.testcases.TC_Search_Flights"/>
  <system-out/>
</testsuite> <!-- com.thoughtworks.qa.testcases.TC_Search_Flights -->
